<?xml version="1.0" encoding="utf-8"?>
<coverage branch-rate="NaN" branches-covered="NaN" branches-valid="NaN" complexity="NaN"
          line-rate="0.74863"
          lines-covered="3425"
          lines-valid="4575"
          timestamp="1561912388.018"
          version="">
   <sources>
      <source>/Users/corkep/code/spatial-math/</source>
   </sources>
   <packages>
      <package branch-rate="NaN" complexity="NaN" line-rate="0.74863" name="">
         <classes>
            <class branch-rate="NaN" complexity="NaN" filename="Animate.m" line-rate="0.80899"
                   name="Animate">
               <methods>
                  <method branch-rate="NaN" line-rate="0.80435" name="Animate"
                          signature="a = Animate(filename, varargin)">
                     <lines>
                        <line hits="3" number="106"/>
                        <line hits="0" number="108"/>
                        <line hits="3" number="109"/>
                        <line hits="3" number="110"/>
                        <line hits="3" number="111"/>
                        <line hits="3" number="112"/>
                        <line hits="3" number="113"/>
                        <line hits="3" number="114"/>
                        <line hits="3" number="116"/>
                        <line hits="0" number="117"/>
                        <line hits="0" number="118"/>
                        <line hits="3" number="120"/>
                        <line hits="3" number="121"/>
                        <line hits="3" number="122"/>
                        <line hits="3" number="124"/>
                        <line hits="3" number="126"/>
                        <line hits="0" number="128"/>
                        <line hits="0" number="129"/>
                        <line hits="0" number="130"/>
                        <line hits="3" number="131"/>
                        <line hits="2" number="133"/>
                        <line hits="2" number="134"/>
                        <line hits="1" number="135"/>
                        <line hits="0" number="136"/>
                        <line hits="1" number="138"/>
                        <line hits="1" number="139"/>
                        <line hits="0" number="140"/>
                        <line hits="1" number="141"/>
                        <line hits="0" number="142"/>
                        <line hits="1" number="143"/>
                        <line hits="1" number="144"/>
                        <line hits="2" number="146"/>
                        <line hits="2" number="147"/>
                        <line hits="1" number="148"/>
                        <line hits="1" number="149"/>
                        <line hits="1" number="150"/>
                        <line hits="1" number="151"/>
                        <line hits="1" number="152"/>
                        <line hits="1" number="153"/>
                        <line hits="2" number="155"/>
                        <line hits="1" number="156"/>
                        <line hits="1" number="158"/>
                        <line hits="1" number="159"/>
                        <line hits="1" number="162"/>
                        <line hits="1" number="163"/>
                        <line hits="1" number="164"/>
                     </lines>
                  </method>
                  <method branch-rate="NaN" line-rate="0.82353" name="add" signature="add(a, fh)">
                     <lines>
                        <line hits="30" number="185"/>
                        <line hits="0" number="186"/>
                        <line hits="30" number="189"/>
                        <line hits="30" number="190"/>
                        <line hits="30" number="193"/>
                        <line hits="0" number="194"/>
                        <line hits="30" number="196"/>
                        <line hits="30" number="197"/>
                        <line hits="30" number="198"/>
                        <line hits="30" number="199"/>
                        <line hits="10" number="200"/>
                        <line hits="10" number="201"/>
                        <line hits="0" number="202"/>
                        <line hits="0" number="203"/>
                        <line hits="20" number="205"/>
                        <line hits="10" number="206"/>
                        <line hits="0" number="207"/>
                        <line hits="10" number="208"/>
                        <line hits="10" number="209"/>
                        <line hits="10" number="211"/>
                        <line hits="10" number="212"/>
                        <line hits="1" number="213"/>
                        <line hits="9" number="214"/>
                        <line hits="9" number="215"/>
                        <line hits="10" number="217"/>
                        <line hits="10" number="219"/>
                        <line hits="0" number="220"/>
                        <line hits="10" number="221"/>
                        <line hits="10" number="222"/>
                        <line hits="10" number="226"/>
                        <line hits="10" number="227"/>
                        <line hits="10" number="228"/>
                        <line hits="10" number="231"/>
                        <line hits="30" number="233"/>
                     </lines>
                  </method>
                  <method branch-rate="NaN" line-rate="0.77778" name="close" signature="out = close(a)">
                     <lines>
                        <line hits="3" number="245"/>
                        <line hits="0" number="246"/>
                        <line hits="3" number="247"/>
                        <line hits="3" number="248"/>
                        <line hits="3" number="249"/>
                        <line hits="1" number="250"/>
                        <line hits="1" number="251"/>
                        <line hits="0" number="252"/>
                        <line hits="1" number="254"/>
                     </lines>
                  </method>
               </methods>
               <lines>
                  <line hits="3" number="106"/>
                  <line hits="0" number="108"/>
                  <line hits="3" number="109"/>
                  <line hits="3" number="110"/>
                  <line hits="3" number="111"/>
                  <line hits="3" number="112"/>
                  <line hits="3" number="113"/>
                  <line hits="3" number="114"/>
                  <line hits="3" number="116"/>
                  <line hits="0" number="117"/>
                  <line hits="0" number="118"/>
                  <line hits="3" number="120"/>
                  <line hits="3" number="121"/>
                  <line hits="3" number="122"/>
                  <line hits="3" number="124"/>
                  <line hits="3" number="126"/>
                  <line hits="0" number="128"/>
                  <line hits="0" number="129"/>
                  <line hits="0" number="130"/>
                  <line hits="3" number="131"/>
                  <line hits="2" number="133"/>
                  <line hits="2" number="134"/>
                  <line hits="1" number="135"/>
                  <line hits="0" number="136"/>
                  <line hits="1" number="138"/>
                  <line hits="1" number="139"/>
                  <line hits="0" number="140"/>
                  <line hits="1" number="141"/>
                  <line hits="0" number="142"/>
                  <line hits="1" number="143"/>
                  <line hits="1" number="144"/>
                  <line hits="2" number="146"/>
                  <line hits="2" number="147"/>
                  <line hits="1" number="148"/>
                  <line hits="1" number="149"/>
                  <line hits="1" number="150"/>
                  <line hits="1" number="151"/>
                  <line hits="1" number="152"/>
                  <line hits="1" number="153"/>
                  <line hits="2" number="155"/>
                  <line hits="1" number="156"/>
                  <line hits="1" number="158"/>
                  <line hits="1" number="159"/>
                  <line hits="1" number="162"/>
                  <line hits="1" number="163"/>
                  <line hits="1" number="164"/>
                  <line hits="30" number="185"/>
                  <line hits="0" number="186"/>
                  <line hits="30" number="189"/>
                  <line hits="30" number="190"/>
                  <line hits="30" number="193"/>
                  <line hits="0" number="194"/>
                  <line hits="30" number="196"/>
                  <line hits="30" number="197"/>
                  <line hits="30" number="198"/>
                  <line hits="30" number="199"/>
                  <line hits="10" number="200"/>
                  <line hits="10" number="201"/>
                  <line hits="0" number="202"/>
                  <line hits="0" number="203"/>
                  <line hits="20" number="205"/>
                  <line hits="10" number="206"/>
                  <line hits="0" number="207"/>
                  <line hits="10" number="208"/>
                  <line hits="10" number="209"/>
                  <line hits="10" number="211"/>
                  <line hits="10" number="212"/>
                  <line hits="1" number="213"/>
                  <line hits="9" number="214"/>
                  <line hits="9" number="215"/>
                  <line hits="10" number="217"/>
                  <line hits="10" number="219"/>
                  <line hits="0" number="220"/>
                  <line hits="10" number="221"/>
                  <line hits="10" number="222"/>
                  <line hits="10" number="226"/>
                  <line hits="10" number="227"/>
                  <line hits="10" number="228"/>
                  <line hits="10" number="231"/>
                  <line hits="30" number="233"/>
                  <line hits="3" number="245"/>
                  <line hits="0" number="246"/>
                  <line hits="3" number="247"/>
                  <line hits="3" number="248"/>
                  <line hits="3" number="249"/>
                  <line hits="1" number="250"/>
                  <line hits="1" number="251"/>
                  <line hits="0" number="252"/>
                  <line hits="1" number="254"/>
               </lines>
            </class>
            <class branch-rate="NaN" complexity="NaN" filename="PGraph.m" line-rate="0.65094"
                   name="PGraph">
               <methods>
                  <method branch-rate="NaN" line-rate="0.82353" name="PGraph"
                          signature="g = PGraph(ndims, varargin)">
                     <lines>
                        <line hits="2" number="186"/>
                        <line hits="0" number="187"/>
                        <line hits="2" number="188"/>
                        <line hits="0" number="190"/>
                        <line hits="0" number="191"/>
                        <line hits="2" number="193"/>
                        <line hits="2" number="194"/>
                        <line hits="2" number="195"/>
                        <line hits="2" number="196"/>
                        <line hits="2" number="198"/>
                        <line hits="2" number="199"/>
                        <line hits="2" number="200"/>
                        <line hits="2" number="201"/>
                        <line hits="2" number="202"/>
                        <line hits="2" number="203"/>
                        <line hits="2" number="204"/>
                        <line hits="2" number="205"/>
                     </lines>
                  </method>
                  <method branch-rate="NaN" line-rate="0.625" name="add_node"
                          signature="v = add_node(g, coord, varargin)">
                     <lines>
                        <line hits="13" number="230"/>
                        <line hits="0" number="231"/>
                        <line hits="13" number="234"/>
                        <line hits="13" number="235"/>
                        <line hits="13" number="237"/>
                        <line hits="13" number="240"/>
                        <line hits="13" number="241"/>
                        <line hits="13" number="243"/>
                        <line hits="0" number="244"/>
                        <line hits="0" number="245"/>
                        <line hits="0" number="246"/>
                        <line hits="13" number="250"/>
                        <line hits="0" number="251"/>
                        <line hits="13" number="254"/>
                        <line hits="0" number="255"/>
                        <line hits="13" number="257"/>
                     </lines>
                  </method>
                  <method branch-rate="NaN" line-rate="0.9" name="add_edge"
                          signature="e = add_edge(g, v1, v2, d)">
                     <lines>
                        <line hits="14" number="274"/>
                        <line hits="0" number="275"/>
                        <line hits="14" number="277"/>
                        <line hits="14" number="278"/>
                        <line hits="14" number="279"/>
                        <line hits="14" number="280"/>
                        <line hits="14" number="281"/>
                        <line hits="14" number="282"/>
                        <line hits="14" number="284"/>
                        <line hits="14" number="286"/>
                     </lines>
                  </method>
                  <method branch-rate="NaN" line-rate="0" name="delete_node"
                          signature="delete_node(g, vv)">
                     <lines>
                        <line hits="0" number="293"/>
                        <line hits="0" number="295"/>
                        <line hits="0" number="296"/>
                        <line hits="0" number="299"/>
                        <line hits="0" number="302"/>
                        <line hits="0" number="303"/>
                        <line hits="0" number="305"/>
                     </lines>
                  </method>
                  <method branch-rate="NaN" line-rate="0" name="delete_edge"
                          signature="delete_edge(g, e)">
                     <lines>
                        <line hits="0" number="310"/>
                        <line hits="0" number="311"/>
                     </lines>
                  </method>
                  <method branch-rate="NaN" line-rate="1" name="clear" signature="clear(g)">
                     <lines>
                        <line hits="2" number="322"/>
                        <line hits="2" number="323"/>
                        <line hits="2" number="324"/>
                        <line hits="2" number="325"/>
                        <line hits="2" number="326"/>
                        <line hits="2" number="327"/>
                     </lines>
                  </method>
                  <method branch-rate="NaN" line-rate="1" name="edges" signature="e = edges(g, v)">
                     <lines>
                        <line hits="59" number="343"/>
                     </lines>
                  </method>
                  <method branch-rate="NaN" line-rate="0" name="edges_in" signature="e = edges_in(g, v)">
                     <lines>
                        <line hits="0" number="352"/>
                     </lines>
                  </method>
                  <method branch-rate="NaN" line-rate="0" name="edges_out"
                          signature="e = edges_out(g, v)">
                     <lines>
                        <line hits="0" number="361"/>
                     </lines>
                  </method>
                  <method branch-rate="NaN" line-rate="1" name="edgedir"
                          signature="dir = edgedir(g, v1, v2)">
                     <lines>
                        <line hits="3" number="379"/>
                        <line hits="3" number="380"/>
                        <line hits="1" number="381"/>
                        <line hits="2" number="382"/>
                        <line hits="1" number="383"/>
                        <line hits="1" number="384"/>
                        <line hits="1" number="385"/>
                     </lines>
                  </method>
                  <method branch-rate="NaN" line-rate="0" name="vertices" signature="v = vertices(g, e)">
                     <lines>
                        <line hits="0" number="393"/>
                     </lines>
                  </method>
                  <method branch-rate="NaN" line-rate="1" name="neighbours"
                          signature="[n, c] = neighbours(g, v)">
                     <lines>
                        <line hits="40" number="405"/>
                        <line hits="40" number="406"/>
                        <line hits="40" number="407"/>
                        <line hits="40" number="408"/>
                        <line hits="40" number="409"/>
                        <line hits="18" number="410"/>
                     </lines>
                  </method>
                  <method branch-rate="NaN" line-rate="0" name="neighbours_out"
                          signature="[n, c] = neighbours_out(g, v)">
                     <lines>
                        <line hits="0" number="422"/>
                        <line hits="0" number="423"/>
                        <line hits="0" number="424"/>
                        <line hits="0" number="425"/>
                        <line hits="0" number="426"/>
                        <line hits="0" number="427"/>
                     </lines>
                  </method>
                  <method branch-rate="NaN" line-rate="0" name="neighbours_in"
                          signature="[n, c] = neighbours_in(g, v)">
                     <lines>
                        <line hits="0" number="439"/>
                        <line hits="0" number="440"/>
                        <line hits="0" number="441"/>
                        <line hits="0" number="442"/>
                        <line hits="0" number="443"/>
                        <line hits="0" number="444"/>
                     </lines>
                  </method>
                  <method branch-rate="NaN" line-rate="0.8" name="neighbours_d"
                          signature="[n, c] = neighbours_d(g, v)">
                     <lines>
                        <line hits="1" number="458"/>
                        <line hits="1" number="459"/>
                        <line hits="1" number="460"/>
                        <line hits="1" number="461"/>
                        <line hits="0" number="462"/>
                     </lines>
                  </method>
                  <method branch-rate="NaN" line-rate="0.42857" name="connectivity"
                          signature="c = connectivity(g, nn)">
                     <lines>
                        <line hits="2" number="478"/>
                        <line hits="2" number="479"/>
                        <line hits="10" number="480"/>
                        <line hits="0" number="482"/>
                        <line hits="0" number="483"/>
                        <line hits="0" number="484"/>
                        <line hits="0" number="485"/>
                     </lines>
                  </method>
                  <method branch-rate="NaN" line-rate="0" name="connectivity_in"
                          signature="c = connectivity_in(g, n)">
                     <lines>
                        <line hits="0" number="502"/>
                        <line hits="0" number="503"/>
                        <line hits="0" number="504"/>
                        <line hits="0" number="506"/>
                        <line hits="0" number="507"/>
                     </lines>
                  </method>
                  <method branch-rate="NaN" line-rate="0" name="connectivity_out"
                          signature="c = connectivity_out(g, n)">
                     <lines>
                        <line hits="0" number="523"/>
                        <line hits="0" number="524"/>
                        <line hits="0" number="525"/>
                        <line hits="0" number="527"/>
                        <line hits="0" number="528"/>
                     </lines>
                  </method>
                  <method branch-rate="NaN" line-rate="0.75" name="coord" signature="p = coord(g, v)">
                     <lines>
                        <line hits="33" number="541"/>
                        <line hits="0" number="542"/>
                        <line hits="33" number="543"/>
                        <line hits="33" number="544"/>
                     </lines>
                  </method>
                  <method branch-rate="NaN" line-rate="0" name="name" signature="p = name(g, v)">
                     <lines>
                        <line hits="0" number="553"/>
                        <line hits="0" number="554"/>
                        <line hits="0" number="555"/>
                        <line hits="0" number="556"/>
                     </lines>
                  </method>
                  <method branch-rate="NaN" line-rate="0" name="lookup" signature="p = lookup(g, name)">
                     <lines>
                        <line hits="0" number="561"/>
                     </lines>
                  </method>
                  <method branch-rate="NaN" line-rate="0" name="setcoord"
                          signature="p = setcoord(g, v, c)">
                     <lines>
                        <line hits="0" number="569"/>
                        <line hits="0" number="570"/>
                        <line hits="0" number="571"/>
                        <line hits="0" number="573"/>
                        <line hits="0" number="574"/>
                        <line hits="0" number="575"/>
                     </lines>
                  </method>
                  <method branch-rate="NaN" line-rate="1" name="vdata" signature="u = vdata(g, v)">
                     <lines>
                        <line hits="1" number="586"/>
                     </lines>
                  </method>
                  <method branch-rate="NaN" line-rate="1" name="setvdata"
                          signature="u = setvdata(g, v, u)">
                     <lines>
                        <line hits="1" number="597"/>
                     </lines>
                  </method>
                  <method branch-rate="NaN" line-rate="1" name="distance"
                          signature="d = distance(g, v1, v2)">
                     <lines>
                        <line hits="24" number="608"/>
                     </lines>
                  </method>
                  <method branch-rate="NaN" line-rate="0" name="distances"
                          signature="[d, k] = distances(g, p)">
                     <lines>
                        <line hits="0" number="627"/>
                        <line hits="0" number="628"/>
                     </lines>
                  </method>
                  <method branch-rate="NaN" line-rate="0" name="closest"
                          signature="[c, dn] = closest(g, p, tol)">
                     <lines>
                        <line hits="0" number="639"/>
                        <line hits="0" number="640"/>
                        <line hits="0" number="642"/>
                        <line hits="0" number="643"/>
                        <line hits="0" number="646"/>
                        <line hits="0" number="647"/>
                     </lines>
                  </method>
                  <method branch-rate="NaN" line-rate="0" name="about" signature="about(g, vv)">
                     <lines>
                        <line hits="0" number="653"/>
                        <line hits="0" number="654"/>
                        <line hits="0" number="655"/>
                        <line hits="0" number="658"/>
                        <line hits="0" number="659"/>
                        <line hits="0" number="662"/>
                        <line hits="0" number="663"/>
                        <line hits="0" number="664"/>
                        <line hits="0" number="665"/>
                        <line hits="0" number="666"/>
                        <line hits="0" number="668"/>
                        <line hits="0" number="669"/>
                        <line hits="0" number="670"/>
                     </lines>
                  </method>
                  <method branch-rate="NaN" line-rate="1" name="cost" signature="d = cost(g, e)">
                     <lines>
                        <line hits="33" number="683"/>
                     </lines>
                  </method>
                  <method branch-rate="NaN" line-rate="1" name="setcost" signature="d = setcost(g, e, c)">
                     <lines>
                        <line hits="1" number="690"/>
                     </lines>
                  </method>
                  <method branch-rate="NaN" line-rate="1" name="edata" signature="u = edata(g, e)">
                     <lines>
                        <line hits="1" number="700"/>
                     </lines>
                  </method>
                  <method branch-rate="NaN" line-rate="1" name="setedata"
                          signature="u = setedata(g, e, u)">
                     <lines>
                        <line hits="1" number="711"/>
                     </lines>
                  </method>
                  <method branch-rate="NaN" line-rate="1" name="get.n" signature="n = get.n(g)">
                     <lines>
                        <line hits="40" number="724"/>
                     </lines>
                  </method>
                  <method branch-rate="NaN" line-rate="1" name="get.ne" signature="ne = get.ne(g)">
                     <lines>
                        <line hits="4" number="733"/>
                     </lines>
                  </method>
                  <method branch-rate="NaN" line-rate="1" name="get.nc" signature="ne = get.nc(g)">
                     <lines>
                        <line hits="4" number="743"/>
                        <line hits="2" number="744"/>
                        <line hits="4" number="746"/>
                     </lines>
                  </method>
                  <method branch-rate="NaN" line-rate="0" name="display" signature="display(g)">
                     <lines>
                        <line hits="0" number="756"/>
                        <line hits="0" number="757"/>
                        <line hits="0" number="758"/>
                        <line hits="0" number="760"/>
                        <line hits="0" number="761"/>
                     </lines>
                  </method>
                  <method branch-rate="NaN" line-rate="1" name="char" signature="s = char(g)">
                     <lines>
                        <line hits="1" number="770"/>
                        <line hits="1" number="771"/>
                        <line hits="1" number="772"/>
                        <line hits="1" number="773"/>
                        <line hits="1" number="774"/>
                     </lines>
                  </method>
                  <method branch-rate="NaN" line-rate="1" name="graphcolor" signature="graphcolor(g)">
                     <lines>
                        <line hits="2" number="784"/>
                        <line hits="13" number="787"/>
                        <line hits="13" number="788"/>
                        <line hits="28" number="789"/>
                        <line hits="10" number="790"/>
                        <line hits="2" number="795"/>
                        <line hits="5" number="797"/>
                        <line hits="5" number="798"/>
                        <line hits="2" number="799"/>
                        <line hits="2" number="800"/>
                        <line hits="3" number="802"/>
                        <line hits="3" number="804"/>
                        <line hits="2" number="806"/>
                     </lines>
                  </method>
                  <method branch-rate="NaN" line-rate="0" name="component"
                          signature="c = component(g, v)">
                     <lines>
                        <line hits="0" number="815"/>
                     </lines>
                  </method>
                  <method branch-rate="NaN" line-rate="1" name="componentnodes"
                          signature="v = componentnodes(g, c)">
                     <lines>
                        <line hits="2" number="822"/>
                     </lines>
                  </method>
                  <method branch-rate="NaN" line-rate="0" name="samecomponent"
                          signature="c = samecomponent(g, v1, v2)">
                     <lines>
                        <line hits="0" number="832"/>
                        <line hits="0" number="834"/>
                        <line hits="0" number="836"/>
                     </lines>
                  </method>
                  <method branch-rate="NaN" line-rate="0.92708" name="plot" signature="plot(g, varargin)">
                     <lines>
                        <line hits="5" number="867"/>
                        <line hits="5" number="868"/>
                        <line hits="5" number="871"/>
                        <line hits="5" number="872"/>
                        <line hits="5" number="873"/>
                        <line hits="5" number="874"/>
                        <line hits="5" number="875"/>
                        <line hits="5" number="876"/>
                        <line hits="5" number="877"/>
                        <line hits="5" number="878"/>
                        <line hits="5" number="879"/>
                        <line hits="5" number="880"/>
                        <line hits="5" number="881"/>
                        <line hits="5" number="882"/>
                        <line hits="5" number="883"/>
                        <line hits="5" number="884"/>
                        <line hits="5" number="885"/>
                        <line hits="5" number="887"/>
                        <line hits="5" number="890"/>
                        <line hits="0" number="891"/>
                        <line hits="5" number="892"/>
                        <line hits="5" number="893"/>
                        <line hits="5" number="897"/>
                        <line hits="1" number="899"/>
                        <line hits="1" number="902"/>
                        <line hits="2" number="903"/>
                        <line hits="2" number="904"/>
                        <line hits="0" number="906"/>
                        <line hits="2" number="907"/>
                        <line hits="2" number="909"/>
                        <line hits="2" number="913"/>
                        <line hits="2" number="914"/>
                        <line hits="2" number="916"/>
                        <line hits="8" number="917"/>
                        <line hits="8" number="918"/>
                        <line hits="16" number="919"/>
                        <line hits="16" number="920"/>
                        <line hits="2" number="923"/>
                        <line hits="2" number="924"/>
                        <line hits="0" number="925"/>
                        <line hits="2" number="926"/>
                        <line hits="2" number="927"/>
                        <line hits="2" number="933"/>
                        <line hits="2" number="935"/>
                        <line hits="2" number="936"/>
                        <line hits="2" number="937"/>
                        <line hits="2" number="939"/>
                        <line hits="8" number="940"/>
                        <line hits="0" number="941"/>
                        <line hits="8" number="943"/>
                        <line hits="8" number="944"/>
                        <line hits="0" number="945"/>
                        <line hits="8" number="946"/>
                        <line hits="8" number="947"/>
                        <line hits="2" number="951"/>
                        <line hits="0" number="952"/>
                        <line hits="4" number="958"/>
                        <line hits="4" number="966"/>
                        <line hits="4" number="967"/>
                        <line hits="28" number="968"/>
                        <line hits="28" number="969"/>
                        <line hits="28" number="970"/>
                        <line hits="12" number="971"/>
                        <line hits="12" number="972"/>
                        <line hits="16" number="973"/>
                        <line hits="16" number="974"/>
                        <line hits="16" number="975"/>
                        <line hits="4" number="981"/>
                        <line hits="26" number="983"/>
                        <line hits="0" number="984"/>
                        <line hits="26" number="986"/>
                        <line hits="26" number="988"/>
                        <line hits="26" number="989"/>
                        <line hits="26" number="990"/>
                        <line hits="26" number="991"/>
                        <line hits="10" number="992"/>
                        <line hits="16" number="993"/>
                        <line hits="16" number="994"/>
                        <line hits="5" number="1002"/>
                        <line hits="2" number="1003"/>
                        <line hits="14" number="1004"/>
                        <line hits="14" number="1005"/>
                        <line hits="14" number="1006"/>
                        <line hits="14" number="1008"/>
                        <line hits="14" number="1009"/>
                        <line hits="14" number="1013"/>
                        <line hits="14" number="1014"/>
                        <line hits="5" number="1018"/>
                        <line hits="2" number="1019"/>
                        <line hits="13" number="1020"/>
                        <line hits="13" number="1021"/>
                        <line hits="13" number="1025"/>
                        <line hits="13" number="1026"/>
                        <line hits="5" number="1029"/>
                        <line hits="5" number="1030"/>
                        <line hits="5" number="1032"/>
                     </lines>
                  </method>
                  <method branch-rate="NaN" line-rate="0" name="pick" signature="v = pick(g)">
                     <lines>
                        <line hits="0" number="1042"/>
                        <line hits="0" number="1043"/>
                        <line hits="0" number="1045"/>
                     </lines>
                  </method>
                  <method branch-rate="NaN" line-rate="0.86667" name="highlight_node"
                          signature="highlight_node(g, verts, varargin)">
                     <lines>
                        <line hits="1" number="1061"/>
                        <line hits="1" number="1064"/>
                        <line hits="1" number="1065"/>
                        <line hits="1" number="1066"/>
                        <line hits="1" number="1068"/>
                        <line hits="1" number="1069"/>
                        <line hits="1" number="1071"/>
                        <line hits="1" number="1072"/>
                        <line hits="1" number="1073"/>
                        <line hits="1" number="1075"/>
                        <line hits="4" number="1076"/>
                        <line hits="0" number="1077"/>
                        <line hits="0" number="1078"/>
                        <line hits="4" number="1079"/>
                        <line hits="4" number="1080"/>
                     </lines>
                  </method>
                  <method branch-rate="NaN" line-rate="0" name="highlight_component"
                          signature="highlight_component(g, c, varargin)">
                     <lines>
                        <line hits="0" number="1097"/>
                        <line hits="0" number="1098"/>
                        <line hits="0" number="1099"/>
                     </lines>
                  </method>
                  <method branch-rate="NaN" line-rate="0.75" name="highlight_edge"
                          signature="highlight_edge(g, e, varargin)">
                     <lines>
                        <line hits="3" number="1117"/>
                        <line hits="3" number="1118"/>
                        <line hits="3" number="1120"/>
                        <line hits="3" number="1122"/>
                        <line hits="3" number="1123"/>
                        <line hits="3" number="1125"/>
                        <line hits="3" number="1126"/>
                        <line hits="3" number="1128"/>
                        <line hits="3" number="1129"/>
                        <line hits="0" number="1130"/>
                        <line hits="0" number="1132"/>
                        <line hits="0" number="1133"/>
                        <line hits="0" number="1134"/>
                        <line hits="3" number="1138"/>
                        <line hits="3" number="1139"/>
                        <line hits="3" number="1140"/>
                        <line hits="3" number="1142"/>
                        <line hits="0" number="1143"/>
                        <line hits="3" number="1144"/>
                        <line hits="3" number="1145"/>
                     </lines>
                  </method>
                  <method branch-rate="NaN" line-rate="1" name="highlight_path"
                          signature="highlight_path(g, path, varargin)">
                     <lines>
                        <line hits="1" number="1163"/>
                        <line hits="1" number="1166"/>
                        <line hits="3" number="1167"/>
                        <line hits="3" number="1168"/>
                        <line hits="3" number="1169"/>
                     </lines>
                  </method>
                  <method branch-rate="NaN" line-rate="0" name="dotfile" signature="dotfile(g, varargin)">
                     <lines>
                        <line hits="0" number="1188"/>
                        <line hits="0" number="1190"/>
                        <line hits="0" number="1192"/>
                        <line hits="0" number="1193"/>
                        <line hits="0" number="1194"/>
                        <line hits="0" number="1195"/>
                        <line hits="0" number="1198"/>
                        <line hits="0" number="1199"/>
                        <line hits="0" number="1200"/>
                        <line hits="0" number="1201"/>
                        <line hits="0" number="1205"/>
                        <line hits="0" number="1206"/>
                        <line hits="0" number="1210"/>
                        <line hits="0" number="1211"/>
                        <line hits="0" number="1212"/>
                        <line hits="0" number="1213"/>
                        <line hits="0" number="1214"/>
                        <line hits="0" number="1215"/>
                        <line hits="0" number="1218"/>
                        <line hits="0" number="1219"/>
                        <line hits="0" number="1220"/>
                     </lines>
                  </method>
                  <method branch-rate="NaN" line-rate="1" name="laplacian" signature="L = laplacian(g)">
                     <lines>
                        <line hits="1" number="1242"/>
                     </lines>
                  </method>
                  <method branch-rate="NaN" line-rate="1" name="degree" signature="D = degree(g)">
                     <lines>
                        <line hits="2" number="1253"/>
                     </lines>
                  </method>
                  <method branch-rate="NaN" line-rate="1" name="adjacency" signature="A = adjacency(g)">
                     <lines>
                        <line hits="2" number="1271"/>
                        <line hits="2" number="1272"/>
                        <line hits="10" number="1273"/>
                        <line hits="10" number="1274"/>
                        <line hits="24" number="1275"/>
                        <line hits="24" number="1276"/>
                     </lines>
                  </method>
                  <method branch-rate="NaN" line-rate="1" name="incidence" signature="I = incidence(g)">
                     <lines>
                        <line hits="1" number="1288"/>
                        <line hits="1" number="1289"/>
                        <line hits="5" number="1290"/>
                        <line hits="12" number="1291"/>
                     </lines>
                  </method>
                  <method branch-rate="NaN" line-rate="0.93617" name="Astar"
                          signature="[path, cost] = Astar(g, vstart, vgoal, varargin)">
                     <lines>
                        <line hits="2" number="1325"/>
                        <line hits="2" number="1327"/>
                        <line hits="2" number="1330"/>
                        <line hits="2" number="1333"/>
                        <line hits="2" number="1334"/>
                        <line hits="2" number="1336"/>
                        <line hits="2" number="1337"/>
                        <line hits="2" number="1339"/>
                        <line hits="2" number="1341"/>
                        <line hits="10" number="1343"/>
                        <line hits="10" number="1344"/>
                        <line hits="10" number="1346"/>
                        <line hits="2" number="1348"/>
                        <line hits="2" number="1349"/>
                        <line hits="2" number="1350"/>
                        <line hits="8" number="1351"/>
                        <line hits="8" number="1352"/>
                        <line hits="8" number="1353"/>
                        <line hits="2" number="1354"/>
                        <line hits="2" number="1357"/>
                        <line hits="1" number="1358"/>
                        <line hits="2" number="1360"/>
                        <line hits="8" number="1364"/>
                        <line hits="8" number="1366"/>
                        <line hits="8" number="1368"/>
                        <line hits="0" number="1369"/>
                        <line hits="8" number="1371"/>
                        <line hits="8" number="1372"/>
                        <line hits="8" number="1375"/>
                        <line hits="22" number="1377"/>
                        <line hits="22" number="1379"/>
                        <line hits="10" number="1380"/>
                        <line hits="12" number="1382"/>
                        <line hits="12" number="1384"/>
                        <line hits="8" number="1386"/>
                        <line hits="8" number="1387"/>
                        <line hits="8" number="1388"/>
                        <line hits="4" number="1389"/>
                        <line hits="2" number="1390"/>
                        <line hits="2" number="1391"/>
                        <line hits="2" number="1392"/>
                        <line hits="12" number="1394"/>
                        <line hits="10" number="1403"/>
                        <line hits="10" number="1404"/>
                        <line hits="10" number="1405"/>
                        <line hits="0" number="1409"/>
                        <line hits="0" number="1410"/>
                     </lines>
                  </method>
                  <method branch-rate="NaN" line-rate="0.23529" name="distance_metric"
                          signature="d = distance_metric(g, x1, x2)">
                     <lines>
                        <line hits="24" number="1418"/>
                        <line hits="0" number="1419"/>
                        <line hits="0" number="1420"/>
                        <line hits="0" number="1421"/>
                        <line hits="24" number="1423"/>
                        <line hits="24" number="1424"/>
                        <line hits="24" number="1425"/>
                        <line hits="0" number="1427"/>
                        <line hits="0" number="1428"/>
                        <line hits="0" number="1429"/>
                        <line hits="0" number="1430"/>
                        <line hits="0" number="1432"/>
                        <line hits="0" number="1433"/>
                        <line hits="0" number="1434"/>
                        <line hits="0" number="1435"/>
                        <line hits="0" number="1436"/>
                        <line hits="0" number="1437"/>
                     </lines>
                  </method>
               </methods>
               <lines>
                  <line hits="2" number="186"/>
                  <line hits="0" number="187"/>
                  <line hits="2" number="188"/>
                  <line hits="0" number="190"/>
                  <line hits="0" number="191"/>
                  <line hits="2" number="193"/>
                  <line hits="2" number="194"/>
                  <line hits="2" number="195"/>
                  <line hits="2" number="196"/>
                  <line hits="2" number="198"/>
                  <line hits="2" number="199"/>
                  <line hits="2" number="200"/>
                  <line hits="2" number="201"/>
                  <line hits="2" number="202"/>
                  <line hits="2" number="203"/>
                  <line hits="2" number="204"/>
                  <line hits="2" number="205"/>
                  <line hits="13" number="230"/>
                  <line hits="0" number="231"/>
                  <line hits="13" number="234"/>
                  <line hits="13" number="235"/>
                  <line hits="13" number="237"/>
                  <line hits="13" number="240"/>
                  <line hits="13" number="241"/>
                  <line hits="13" number="243"/>
                  <line hits="0" number="244"/>
                  <line hits="0" number="245"/>
                  <line hits="0" number="246"/>
                  <line hits="13" number="250"/>
                  <line hits="0" number="251"/>
                  <line hits="13" number="254"/>
                  <line hits="0" number="255"/>
                  <line hits="13" number="257"/>
                  <line hits="14" number="274"/>
                  <line hits="0" number="275"/>
                  <line hits="14" number="277"/>
                  <line hits="14" number="278"/>
                  <line hits="14" number="279"/>
                  <line hits="14" number="280"/>
                  <line hits="14" number="281"/>
                  <line hits="14" number="282"/>
                  <line hits="14" number="284"/>
                  <line hits="14" number="286"/>
                  <line hits="0" number="293"/>
                  <line hits="0" number="295"/>
                  <line hits="0" number="296"/>
                  <line hits="0" number="299"/>
                  <line hits="0" number="302"/>
                  <line hits="0" number="303"/>
                  <line hits="0" number="305"/>
                  <line hits="0" number="310"/>
                  <line hits="0" number="311"/>
                  <line hits="2" number="322"/>
                  <line hits="2" number="323"/>
                  <line hits="2" number="324"/>
                  <line hits="2" number="325"/>
                  <line hits="2" number="326"/>
                  <line hits="2" number="327"/>
                  <line hits="59" number="343"/>
                  <line hits="0" number="352"/>
                  <line hits="0" number="361"/>
                  <line hits="3" number="379"/>
                  <line hits="3" number="380"/>
                  <line hits="1" number="381"/>
                  <line hits="2" number="382"/>
                  <line hits="1" number="383"/>
                  <line hits="1" number="384"/>
                  <line hits="1" number="385"/>
                  <line hits="0" number="393"/>
                  <line hits="40" number="405"/>
                  <line hits="40" number="406"/>
                  <line hits="40" number="407"/>
                  <line hits="40" number="408"/>
                  <line hits="40" number="409"/>
                  <line hits="18" number="410"/>
                  <line hits="0" number="422"/>
                  <line hits="0" number="423"/>
                  <line hits="0" number="424"/>
                  <line hits="0" number="425"/>
                  <line hits="0" number="426"/>
                  <line hits="0" number="427"/>
                  <line hits="0" number="439"/>
                  <line hits="0" number="440"/>
                  <line hits="0" number="441"/>
                  <line hits="0" number="442"/>
                  <line hits="0" number="443"/>
                  <line hits="0" number="444"/>
                  <line hits="1" number="458"/>
                  <line hits="1" number="459"/>
                  <line hits="1" number="460"/>
                  <line hits="1" number="461"/>
                  <line hits="0" number="462"/>
                  <line hits="2" number="478"/>
                  <line hits="2" number="479"/>
                  <line hits="10" number="480"/>
                  <line hits="0" number="482"/>
                  <line hits="0" number="483"/>
                  <line hits="0" number="484"/>
                  <line hits="0" number="485"/>
                  <line hits="0" number="502"/>
                  <line hits="0" number="503"/>
                  <line hits="0" number="504"/>
                  <line hits="0" number="506"/>
                  <line hits="0" number="507"/>
                  <line hits="0" number="523"/>
                  <line hits="0" number="524"/>
                  <line hits="0" number="525"/>
                  <line hits="0" number="527"/>
                  <line hits="0" number="528"/>
                  <line hits="33" number="541"/>
                  <line hits="0" number="542"/>
                  <line hits="33" number="543"/>
                  <line hits="33" number="544"/>
                  <line hits="0" number="553"/>
                  <line hits="0" number="554"/>
                  <line hits="0" number="555"/>
                  <line hits="0" number="556"/>
                  <line hits="0" number="561"/>
                  <line hits="0" number="569"/>
                  <line hits="0" number="570"/>
                  <line hits="0" number="571"/>
                  <line hits="0" number="573"/>
                  <line hits="0" number="574"/>
                  <line hits="0" number="575"/>
                  <line hits="1" number="586"/>
                  <line hits="1" number="597"/>
                  <line hits="24" number="608"/>
                  <line hits="0" number="627"/>
                  <line hits="0" number="628"/>
                  <line hits="0" number="639"/>
                  <line hits="0" number="640"/>
                  <line hits="0" number="642"/>
                  <line hits="0" number="643"/>
                  <line hits="0" number="646"/>
                  <line hits="0" number="647"/>
                  <line hits="0" number="653"/>
                  <line hits="0" number="654"/>
                  <line hits="0" number="655"/>
                  <line hits="0" number="658"/>
                  <line hits="0" number="659"/>
                  <line hits="0" number="662"/>
                  <line hits="0" number="663"/>
                  <line hits="0" number="664"/>
                  <line hits="0" number="665"/>
                  <line hits="0" number="666"/>
                  <line hits="0" number="668"/>
                  <line hits="0" number="669"/>
                  <line hits="0" number="670"/>
                  <line hits="33" number="683"/>
                  <line hits="1" number="690"/>
                  <line hits="1" number="700"/>
                  <line hits="1" number="711"/>
                  <line hits="40" number="724"/>
                  <line hits="4" number="733"/>
                  <line hits="4" number="743"/>
                  <line hits="2" number="744"/>
                  <line hits="4" number="746"/>
                  <line hits="0" number="756"/>
                  <line hits="0" number="757"/>
                  <line hits="0" number="758"/>
                  <line hits="0" number="760"/>
                  <line hits="0" number="761"/>
                  <line hits="1" number="770"/>
                  <line hits="1" number="771"/>
                  <line hits="1" number="772"/>
                  <line hits="1" number="773"/>
                  <line hits="1" number="774"/>
                  <line hits="2" number="784"/>
                  <line hits="13" number="787"/>
                  <line hits="13" number="788"/>
                  <line hits="28" number="789"/>
                  <line hits="10" number="790"/>
                  <line hits="2" number="795"/>
                  <line hits="5" number="797"/>
                  <line hits="5" number="798"/>
                  <line hits="2" number="799"/>
                  <line hits="2" number="800"/>
                  <line hits="3" number="802"/>
                  <line hits="3" number="804"/>
                  <line hits="2" number="806"/>
                  <line hits="0" number="815"/>
                  <line hits="2" number="822"/>
                  <line hits="0" number="832"/>
                  <line hits="0" number="834"/>
                  <line hits="0" number="836"/>
                  <line hits="5" number="867"/>
                  <line hits="5" number="868"/>
                  <line hits="5" number="871"/>
                  <line hits="5" number="872"/>
                  <line hits="5" number="873"/>
                  <line hits="5" number="874"/>
                  <line hits="5" number="875"/>
                  <line hits="5" number="876"/>
                  <line hits="5" number="877"/>
                  <line hits="5" number="878"/>
                  <line hits="5" number="879"/>
                  <line hits="5" number="880"/>
                  <line hits="5" number="881"/>
                  <line hits="5" number="882"/>
                  <line hits="5" number="883"/>
                  <line hits="5" number="884"/>
                  <line hits="5" number="885"/>
                  <line hits="5" number="887"/>
                  <line hits="5" number="890"/>
                  <line hits="0" number="891"/>
                  <line hits="5" number="892"/>
                  <line hits="5" number="893"/>
                  <line hits="5" number="897"/>
                  <line hits="1" number="899"/>
                  <line hits="1" number="902"/>
                  <line hits="2" number="903"/>
                  <line hits="2" number="904"/>
                  <line hits="0" number="906"/>
                  <line hits="2" number="907"/>
                  <line hits="2" number="909"/>
                  <line hits="2" number="913"/>
                  <line hits="2" number="914"/>
                  <line hits="2" number="916"/>
                  <line hits="8" number="917"/>
                  <line hits="8" number="918"/>
                  <line hits="16" number="919"/>
                  <line hits="16" number="920"/>
                  <line hits="2" number="923"/>
                  <line hits="2" number="924"/>
                  <line hits="0" number="925"/>
                  <line hits="2" number="926"/>
                  <line hits="2" number="927"/>
                  <line hits="2" number="933"/>
                  <line hits="2" number="935"/>
                  <line hits="2" number="936"/>
                  <line hits="2" number="937"/>
                  <line hits="2" number="939"/>
                  <line hits="8" number="940"/>
                  <line hits="0" number="941"/>
                  <line hits="8" number="943"/>
                  <line hits="8" number="944"/>
                  <line hits="0" number="945"/>
                  <line hits="8" number="946"/>
                  <line hits="8" number="947"/>
                  <line hits="2" number="951"/>
                  <line hits="0" number="952"/>
                  <line hits="4" number="958"/>
                  <line hits="4" number="966"/>
                  <line hits="4" number="967"/>
                  <line hits="28" number="968"/>
                  <line hits="28" number="969"/>
                  <line hits="28" number="970"/>
                  <line hits="12" number="971"/>
                  <line hits="12" number="972"/>
                  <line hits="16" number="973"/>
                  <line hits="16" number="974"/>
                  <line hits="16" number="975"/>
                  <line hits="4" number="981"/>
                  <line hits="26" number="983"/>
                  <line hits="0" number="984"/>
                  <line hits="26" number="986"/>
                  <line hits="26" number="988"/>
                  <line hits="26" number="989"/>
                  <line hits="26" number="990"/>
                  <line hits="26" number="991"/>
                  <line hits="10" number="992"/>
                  <line hits="16" number="993"/>
                  <line hits="16" number="994"/>
                  <line hits="5" number="1002"/>
                  <line hits="2" number="1003"/>
                  <line hits="14" number="1004"/>
                  <line hits="14" number="1005"/>
                  <line hits="14" number="1006"/>
                  <line hits="14" number="1008"/>
                  <line hits="14" number="1009"/>
                  <line hits="14" number="1013"/>
                  <line hits="14" number="1014"/>
                  <line hits="5" number="1018"/>
                  <line hits="2" number="1019"/>
                  <line hits="13" number="1020"/>
                  <line hits="13" number="1021"/>
                  <line hits="13" number="1025"/>
                  <line hits="13" number="1026"/>
                  <line hits="5" number="1029"/>
                  <line hits="5" number="1030"/>
                  <line hits="5" number="1032"/>
                  <line hits="0" number="1042"/>
                  <line hits="0" number="1043"/>
                  <line hits="0" number="1045"/>
                  <line hits="1" number="1061"/>
                  <line hits="1" number="1064"/>
                  <line hits="1" number="1065"/>
                  <line hits="1" number="1066"/>
                  <line hits="1" number="1068"/>
                  <line hits="1" number="1069"/>
                  <line hits="1" number="1071"/>
                  <line hits="1" number="1072"/>
                  <line hits="1" number="1073"/>
                  <line hits="1" number="1075"/>
                  <line hits="4" number="1076"/>
                  <line hits="0" number="1077"/>
                  <line hits="0" number="1078"/>
                  <line hits="4" number="1079"/>
                  <line hits="4" number="1080"/>
                  <line hits="0" number="1097"/>
                  <line hits="0" number="1098"/>
                  <line hits="0" number="1099"/>
                  <line hits="3" number="1117"/>
                  <line hits="3" number="1118"/>
                  <line hits="3" number="1120"/>
                  <line hits="3" number="1122"/>
                  <line hits="3" number="1123"/>
                  <line hits="3" number="1125"/>
                  <line hits="3" number="1126"/>
                  <line hits="3" number="1128"/>
                  <line hits="3" number="1129"/>
                  <line hits="0" number="1130"/>
                  <line hits="0" number="1132"/>
                  <line hits="0" number="1133"/>
                  <line hits="0" number="1134"/>
                  <line hits="3" number="1138"/>
                  <line hits="3" number="1139"/>
                  <line hits="3" number="1140"/>
                  <line hits="3" number="1142"/>
                  <line hits="0" number="1143"/>
                  <line hits="3" number="1144"/>
                  <line hits="3" number="1145"/>
                  <line hits="1" number="1163"/>
                  <line hits="1" number="1166"/>
                  <line hits="3" number="1167"/>
                  <line hits="3" number="1168"/>
                  <line hits="3" number="1169"/>
                  <line hits="0" number="1188"/>
                  <line hits="0" number="1190"/>
                  <line hits="0" number="1192"/>
                  <line hits="0" number="1193"/>
                  <line hits="0" number="1194"/>
                  <line hits="0" number="1195"/>
                  <line hits="0" number="1198"/>
                  <line hits="0" number="1199"/>
                  <line hits="0" number="1200"/>
                  <line hits="0" number="1201"/>
                  <line hits="0" number="1205"/>
                  <line hits="0" number="1206"/>
                  <line hits="0" number="1210"/>
                  <line hits="0" number="1211"/>
                  <line hits="0" number="1212"/>
                  <line hits="0" number="1213"/>
                  <line hits="0" number="1214"/>
                  <line hits="0" number="1215"/>
                  <line hits="0" number="1218"/>
                  <line hits="0" number="1219"/>
                  <line hits="0" number="1220"/>
                  <line hits="1" number="1242"/>
                  <line hits="2" number="1253"/>
                  <line hits="2" number="1271"/>
                  <line hits="2" number="1272"/>
                  <line hits="10" number="1273"/>
                  <line hits="10" number="1274"/>
                  <line hits="24" number="1275"/>
                  <line hits="24" number="1276"/>
                  <line hits="1" number="1288"/>
                  <line hits="1" number="1289"/>
                  <line hits="5" number="1290"/>
                  <line hits="12" number="1291"/>
                  <line hits="2" number="1325"/>
                  <line hits="2" number="1327"/>
                  <line hits="2" number="1330"/>
                  <line hits="2" number="1333"/>
                  <line hits="2" number="1334"/>
                  <line hits="2" number="1336"/>
                  <line hits="2" number="1337"/>
                  <line hits="2" number="1339"/>
                  <line hits="2" number="1341"/>
                  <line hits="10" number="1343"/>
                  <line hits="10" number="1344"/>
                  <line hits="10" number="1346"/>
                  <line hits="2" number="1348"/>
                  <line hits="2" number="1349"/>
                  <line hits="2" number="1350"/>
                  <line hits="8" number="1351"/>
                  <line hits="8" number="1352"/>
                  <line hits="8" number="1353"/>
                  <line hits="2" number="1354"/>
                  <line hits="2" number="1357"/>
                  <line hits="1" number="1358"/>
                  <line hits="2" number="1360"/>
                  <line hits="8" number="1364"/>
                  <line hits="8" number="1366"/>
                  <line hits="8" number="1368"/>
                  <line hits="0" number="1369"/>
                  <line hits="8" number="1371"/>
                  <line hits="8" number="1372"/>
                  <line hits="8" number="1375"/>
                  <line hits="22" number="1377"/>
                  <line hits="22" number="1379"/>
                  <line hits="10" number="1380"/>
                  <line hits="12" number="1382"/>
                  <line hits="12" number="1384"/>
                  <line hits="8" number="1386"/>
                  <line hits="8" number="1387"/>
                  <line hits="8" number="1388"/>
                  <line hits="4" number="1389"/>
                  <line hits="2" number="1390"/>
                  <line hits="2" number="1391"/>
                  <line hits="2" number="1392"/>
                  <line hits="12" number="1394"/>
                  <line hits="10" number="1403"/>
                  <line hits="10" number="1404"/>
                  <line hits="10" number="1405"/>
                  <line hits="0" number="1409"/>
                  <line hits="0" number="1410"/>
                  <line hits="24" number="1418"/>
                  <line hits="0" number="1419"/>
                  <line hits="0" number="1420"/>
                  <line hits="0" number="1421"/>
                  <line hits="24" number="1423"/>
                  <line hits="24" number="1424"/>
                  <line hits="24" number="1425"/>
                  <line hits="0" number="1427"/>
                  <line hits="0" number="1428"/>
                  <line hits="0" number="1429"/>
                  <line hits="0" number="1430"/>
                  <line hits="0" number="1432"/>
                  <line hits="0" number="1433"/>
                  <line hits="0" number="1434"/>
                  <line hits="0" number="1435"/>
                  <line hits="0" number="1436"/>
                  <line hits="0" number="1437"/>
               </lines>
            </class>
            <class branch-rate="NaN" complexity="NaN" filename="Plucker.m" line-rate="0.89506"
                   name="Plucker">
               <methods>
                  <method branch-rate="NaN" line-rate="0.9" name="Plucker"
                          signature="pl = Plucker(varargin)">
                     <lines>
                        <line hits="42" number="114"/>
                        <line hits="42" number="115"/>
                        <line hits="27" number="116"/>
                        <line hits="6" number="117"/>
                        <line hits="5" number="118"/>
                        <line hits="5" number="119"/>
                        <line hits="5" number="120"/>
                        <line hits="1" number="121"/>
                        <line hits="1" number="122"/>
                        <line hits="1" number="123"/>
                        <line hits="1" number="124"/>
                        <line hits="0" number="125"/>
                        <line hits="0" number="126"/>
                        <line hits="6" number="129"/>
                        <line hits="21" number="130"/>
                        <line hits="21" number="131"/>
                        <line hits="21" number="132"/>
                        <line hits="21" number="134"/>
                        <line hits="21" number="136"/>
                        <line hits="21" number="137"/>
                     </lines>
                  </method>
                  <method branch-rate="NaN" line-rate="0.83333" name="mtimes"
                          signature="z = mtimes(a1, a2)">
                     <lines>
                        <line hits="12" number="158"/>
                        <line hits="8" number="160"/>
                        <line hits="4" number="161"/>
                        <line hits="1" number="162"/>
                        <line hits="1" number="163"/>
                        <line hits="3" number="164"/>
                        <line hits="3" number="165"/>
                        <line hits="1" number="166"/>
                        <line hits="2" number="167"/>
                        <line hits="2" number="168"/>
                        <line hits="0" number="169"/>
                        <line hits="0" number="170"/>
                     </lines>
                  </method>
                  <method branch-rate="NaN" line-rate="1" name="pp" signature="x = pp(pl)">
                     <lines>
                        <line hits="37" number="185"/>
                     </lines>
                  </method>
                  <method branch-rate="NaN" line-rate="1" name="double" signature="x = double(pl)">
                     <lines>
                        <line hits="29" number="192"/>
                     </lines>
                  </method>
                  <method branch-rate="NaN" line-rate="1" name="get.uw" signature="z = get.uw(pl)">
                     <lines>
                        <line hits="35" number="199"/>
                     </lines>
                  </method>
                  <method branch-rate="NaN" line-rate="1" name="skew" signature="z = skew(pl)">
                     <lines>
                        <line hits="5" number="215"/>
                        <line hits="5" number="218"/>
                        <line hits="5" number="219"/>
                        <line hits="5" number="220"/>
                        <line hits="5" number="221"/>
                        <line hits="5" number="222"/>
                     </lines>
                  </method>
                  <method branch-rate="NaN" line-rate="0" name="L" signature="z = L(pl)">
                     <lines>
                        <line hits="0" number="226"/>
                        <line hits="0" number="227"/>
                     </lines>
                  </method>
                  <method branch-rate="NaN" line-rate="1" name="ppd" signature="d = ppd(pl)">
                     <lines>
                        <line hits="4" number="238"/>
                     </lines>
                  </method>
                  <method branch-rate="NaN" line-rate="1" name="point" signature="P = point(L, lambda)">
                     <lines>
                        <line hits="12" number="249"/>
                     </lines>
                  </method>
                  <method branch-rate="NaN" line-rate="1" name="contains"
                          signature="t = contains(pl, x, tol)">
                     <lines>
                        <line hits="8" number="264"/>
                        <line hits="8" number="265"/>
                        <line hits="8" number="268"/>
                        <line hits="8" number="269"/>
                        <line hits="8" number="270"/>
                        <line hits="8" number="271"/>
                     </lines>
                  </method>
                  <method branch-rate="NaN" line-rate="1" name="eq" signature="t = eq(pl1, pl2)">
                     <lines>
                        <line hits="2" number="282"/>
                     </lines>
                  </method>
                  <method branch-rate="NaN" line-rate="1" name="ne" signature="t = ne(pl1, pl2)">
                     <lines>
                        <line hits="2" number="292"/>
                     </lines>
                  </method>
                  <method branch-rate="NaN" line-rate="1" name="isparallel"
                          signature="v = isparallel(p1, p2)">
                     <lines>
                        <line hits="19" number="303"/>
                     </lines>
                  </method>
                  <method branch-rate="NaN" line-rate="1" name="or" signature="v = or(p1, p2)">
                     <lines>
                        <line hits="5" number="316"/>
                     </lines>
                  </method>
                  <method branch-rate="NaN" line-rate="1" name="mpower" signature="v = mpower(p1, p2)">
                     <lines>
                        <line hits="8" number="330"/>
                     </lines>
                  </method>
                  <method branch-rate="NaN" line-rate="1" name="intersects"
                          signature="p = intersects(p1, p2)">
                     <lines>
                        <line hits="3" number="352"/>
                        <line hits="1" number="353"/>
                        <line hits="2" number="354"/>
                        <line hits="2" number="355"/>
                     </lines>
                  </method>
                  <method branch-rate="NaN" line-rate="0.71429" name="distance"
                          signature="l = distance(p1, p2)">
                     <lines>
                        <line hits="1" number="367"/>
                        <line hits="0" number="369"/>
                        <line hits="1" number="370"/>
                        <line hits="1" number="372"/>
                        <line hits="0" number="374"/>
                        <line hits="1" number="375"/>
                        <line hits="1" number="377"/>
                     </lines>
                  </method>
                  <method branch-rate="NaN" line-rate="0.85714" name="closest"
                          signature="[p, dist, lambda] = closest(pl, x)">
                     <lines>
                        <line hits="6" number="399"/>
                        <line hits="6" number="401"/>
                        <line hits="6" number="402"/>
                        <line hits="6" number="404"/>
                        <line hits="6" number="405"/>
                        <line hits="6" number="407"/>
                        <line hits="0" number="408"/>
                     </lines>
                  </method>
                  <method branch-rate="NaN" line-rate="0.85714" name="commonperp"
                          signature="p = commonperp(p1, p2)">
                     <lines>
                        <line hits="1" number="422"/>
                        <line hits="0" number="424"/>
                        <line hits="1" number="425"/>
                        <line hits="1" number="426"/>
                        <line hits="1" number="428"/>
                        <line hits="1" number="429"/>
                        <line hits="1" number="431"/>
                     </lines>
                  </method>
                  <method branch-rate="NaN" line-rate="1" name="intersect_plane"
                          signature="[p, t] = intersect_plane(L, plane)">
                     <lines>
                        <line hits="9" number="464"/>
                        <line hits="7" number="465"/>
                        <line hits="7" number="466"/>
                        <line hits="2" number="467"/>
                        <line hits="2" number="468"/>
                        <line hits="2" number="469"/>
                        <line hits="9" number="471"/>
                        <line hits="9" number="473"/>
                        <line hits="9" number="475"/>
                        <line hits="7" number="477"/>
                        <line hits="7" number="479"/>
                        <line hits="7" number="480"/>
                        <line hits="2" number="481"/>
                        <line hits="2" number="482"/>
                        <line hits="2" number="483"/>
                     </lines>
                  </method>
                  <method branch-rate="NaN" line-rate="0.95" name="intersect_volume"
                          signature="[P, lambda] = intersect_volume(line, bounds)">
                     <lines>
                        <line hits="1" number="501"/>
                        <line hits="1" number="504"/>
                        <line hits="1" number="506"/>
                        <line hits="6" number="510"/>
                        <line hits="6" number="511"/>
                        <line hits="6" number="512"/>
                        <line hits="6" number="513"/>
                        <line hits="6" number="514"/>
                        <line hits="6" number="517"/>
                        <line hits="6" number="520"/>
                        <line hits="2" number="521"/>
                        <line hits="4" number="529"/>
                        <line hits="4" number="530"/>
                        <line hits="4" number="531"/>
                        <line hits="2" number="533"/>
                        <line hits="1" number="540"/>
                        <line hits="1" number="543"/>
                        <line hits="0" number="544"/>
                        <line hits="1" number="545"/>
                        <line hits="1" number="546"/>
                     </lines>
                  </method>
                  <method branch-rate="NaN" line-rate="0.73684" name="plot"
                          signature="plot(lines, varargin)">
                     <lines>
                        <line hits="1" number="571"/>
                        <line hits="1" number="572"/>
                        <line hits="1" number="573"/>
                        <line hits="0" number="574"/>
                        <line hits="0" number="575"/>
                        <line hits="1" number="579"/>
                        <line hits="1" number="580"/>
                        <line hits="0" number="581"/>
                        <line hits="0" number="582"/>
                        <line hits="1" number="588"/>
                        <line hits="1" number="589"/>
                        <line hits="1" number="590"/>
                        <line hits="1" number="591"/>
                        <line hits="1" number="593"/>
                        <line hits="0" number="594"/>
                        <line hits="1" number="595"/>
                        <line hits="1" number="596"/>
                        <line hits="1" number="599"/>
                        <line hits="1" number="600"/>
                     </lines>
                  </method>
                  <method branch-rate="NaN" line-rate="1" name="display" signature="display(pl)">
                     <lines>
                        <line hits="1" number="616"/>
                        <line hits="1" number="617"/>
                        <line hits="1" number="618"/>
                        <line hits="1" number="620"/>
                        <line hits="1" number="621"/>
                     </lines>
                  </method>
                  <method branch-rate="NaN" line-rate="0" name="disp" signature="disp(pl)">
                     <lines>
                        <line hits="0" number="625"/>
                     </lines>
                  </method>
                  <method branch-rate="NaN" line-rate="1" name="char" signature="s = char(pl)">
                     <lines>
                        <line hits="4" number="635"/>
                        <line hits="4" number="636"/>
                        <line hits="6" number="638"/>
                        <line hits="6" number="639"/>
                        <line hits="6" number="640"/>
                        <line hits="6" number="641"/>
                        <line hits="6" number="642"/>
                        <line hits="6" number="643"/>
                        <line hits="4" number="644"/>
                        <line hits="2" number="645"/>
                        <line hits="2" number="646"/>
                     </lines>
                  </method>
                  <method branch-rate="NaN" line-rate="1" name="planes" signature="pl = planes(pi1, pi2)">
                     <lines>
                        <line hits="1" number="698"/>
                        <line hits="1" number="699"/>
                        <line hits="1" number="701"/>
                        <line hits="1" number="702"/>
                        <line hits="1" number="703"/>
                     </lines>
                  </method>
                  <method branch-rate="NaN" line-rate="1" name="pointdir"
                          signature="pl = pointdir(point, dir)">
[...]
                  <line hits="38" number="247"/>
                  <line hits="38" number="248"/>
                  <line hits="39" number="250"/>
                  <line hits="144" number="252"/>
                  <line hits="144" number="253"/>
                  <line hits="144" number="258"/>
                  <line hits="144" number="260"/>
                  <line hits="0" number="261"/>
                  <line hits="144" number="263"/>
                  <line hits="144" number="267"/>
                  <line hits="0" number="268"/>
                  <line hits="144" number="272"/>
                  <line hits="144" number="273"/>
                  <line hits="144" number="274"/>
                  <line hits="144" number="275"/>
                  <line hits="0" number="276"/>
                  <line hits="144" number="277"/>
                  <line hits="144" number="278"/>
                  <line hits="144" number="283"/>
                  <line hits="144" number="284"/>
                  <line hits="144" number="286"/>
                  <line hits="4" number="287"/>
                  <line hits="140" number="288"/>
                  <line hits="140" number="289"/>
                  <line hits="144" number="292"/>
                  <line hits="1" number="299"/>
                  <line hits="1" number="300"/>
                  <line hits="3" number="301"/>
                  <line hits="3" number="302"/>
                  <line hits="143" number="304"/>
                  <line hits="143" number="305"/>
                  <line hits="429" number="306"/>
                  <line hits="429" number="307"/>
                  <line hits="429" number="308"/>
                  <line hits="144" number="313"/>
                  <line hits="142" number="314"/>
                  <line hits="2" number="315"/>
                  <line hits="2" number="316"/>
                  <line hits="144" number="319"/>
                  <line hits="144" number="321"/>
                  <line hits="144" number="322"/>
                  <line hits="144" number="324"/>
                  <line hits="144" number="325"/>
                  <line hits="144" number="327"/>
                  <line hits="144" number="328"/>
                  <line hits="144" number="331"/>
                  <line hits="0" number="332"/>
                  <line hits="144" number="335"/>
                  <line hits="2" number="336"/>
                  <line hits="2" number="337"/>
                  <line hits="2" number="338"/>
                  <line hits="2" number="339"/>
                  <line hits="2" number="341"/>
                  <line hits="2" number="342"/>
                  <line hits="2" number="343"/>
                  <line hits="2" number="344"/>
                  <line hits="144" number="348"/>
                  <line hits="1" number="349"/>
                  <line hits="144" number="351"/>
                  <line hits="0" number="352"/>
                  <line hits="0" number="353"/>
                  <line hits="144" number="354"/>
                  <line hits="1" number="355"/>
                  <line hits="144" number="357"/>
                  <line hits="39" number="358"/>
                  <line hits="39" number="359"/>
                  <line hits="144" number="363"/>
                  <line hits="144" number="366"/>
                  <line hits="3" number="372"/>
                  <line hits="3" number="373"/>
                  <line hits="3" number="376"/>
                  <line hits="3" number="377"/>
                  <line hits="3" number="379"/>
                  <line hits="3" number="380"/>
                  <line hits="3" number="381"/>
                  <line hits="3" number="382"/>
                  <line hits="3" number="383"/>
                  <line hits="3" number="386"/>
                  <line hits="3" number="387"/>
                  <line hits="3" number="390"/>
                  <line hits="3" number="393"/>
                  <line hits="3" number="398"/>
                  <line hits="144" number="402"/>
                  <line hits="29" number="403"/>
                  <line hits="6" number="412"/>
                  <line hits="6" number="413"/>
                  <line hits="2" number="414"/>
                  <line hits="4" number="415"/>
                  <line hits="0" number="416"/>
                  <line hits="4" number="417"/>
                  <line hits="0" number="419"/>
                  <line hits="4" number="420"/>
                  <line hits="2" number="421"/>
                  <line hits="2" number="422"/>
                  <line hits="1" number="423"/>
                  <line hits="1" number="424"/>
                  <line hits="1" number="425"/>
               </lines>
            </class>
            <class branch-rate="NaN" complexity="NaN" filename="trplot2.m" line-rate="0.96522"
                   name="trplot2">
               <methods/>
               <lines>
                  <line hits="1264" number="86"/>
                  <line hits="0" number="87"/>
                  <line hits="1264" number="90"/>
                  <line hits="1264" number="91"/>
                  <line hits="1264" number="92"/>
                  <line hits="1264" number="93"/>
                  <line hits="1264" number="94"/>
                  <line hits="1264" number="95"/>
                  <line hits="1264" number="96"/>
                  <line hits="1264" number="97"/>
                  <line hits="1264" number="98"/>
                  <line hits="1264" number="99"/>
                  <line hits="1264" number="100"/>
                  <line hits="1264" number="101"/>
                  <line hits="1264" number="102"/>
                  <line hits="1264" number="103"/>
                  <line hits="1264" number="104"/>
                  <line hits="1264" number="105"/>
                  <line hits="1264" number="106"/>
                  <line hits="1264" number="107"/>
                  <line hits="1264" number="110"/>
                  <line hits="1264" number="112"/>
                  <line hits="0" number="113"/>
                  <line hits="0" number="114"/>
                  <line hits="1264" number="117"/>
                  <line hits="1" number="118"/>
                  <line hits="1" number="120"/>
                  <line hits="1264" number="124"/>
                  <line hits="2" number="125"/>
                  <line hits="1264" number="128"/>
                  <line hits="1123" number="129"/>
                  <line hits="1123" number="130"/>
                  <line hits="1" number="131"/>
                  <line hits="1123" number="133"/>
                  <line hits="141" number="136"/>
                  <line hits="141" number="137"/>
                  <line hits="141" number="140"/>
                  <line hits="140" number="141"/>
                  <line hits="141" number="145"/>
                  <line hits="117" number="146"/>
                  <line hits="117" number="147"/>
                  <line hits="117" number="148"/>
                  <line hits="117" number="149"/>
                  <line hits="141" number="153"/>
                  <line hits="1" number="154"/>
                  <line hits="1" number="155"/>
                  <line hits="1" number="156"/>
                  <line hits="140" number="157"/>
                  <line hits="140" number="158"/>
                  <line hits="140" number="159"/>
                  <line hits="33" number="161"/>
                  <line hits="33" number="162"/>
                  <line hits="33" number="163"/>
                  <line hits="33" number="166"/>
                  <line hits="33" number="168"/>
                  <line hits="32" number="169"/>
                  <line hits="32" number="170"/>
                  <line hits="140" number="173"/>
                  <line hits="140" number="174"/>
                  <line hits="141" number="178"/>
                  <line hits="141" number="179"/>
                  <line hits="141" number="181"/>
                  <line hits="0" number="182"/>
                  <line hits="141" number="183"/>
                  <line hits="141" number="184"/>
                  <line hits="141" number="187"/>
                  <line hits="141" number="192"/>
                  <line hits="141" number="193"/>
                  <line hits="141" number="195"/>
                  <line hits="141" number="196"/>
                  <line hits="1" number="198"/>
                  <line hits="1" number="199"/>
                  <line hits="1" number="200"/>
                  <line hits="1" number="201"/>
                  <line hits="3" number="202"/>
                  <line hits="140" number="204"/>
                  <line hits="140" number="205"/>
                  <line hits="280" number="206"/>
                  <line hits="280" number="207"/>
                  <line hits="280" number="208"/>
                  <line hits="141" number="213"/>
                  <line hits="139" number="214"/>
                  <line hits="2" number="215"/>
                  <line hits="2" number="216"/>
                  <line hits="141" number="219"/>
                  <line hits="141" number="221"/>
                  <line hits="141" number="222"/>
                  <line hits="141" number="223"/>
                  <line hits="141" number="227"/>
                  <line hits="1" number="228"/>
                  <line hits="141" number="231"/>
                  <line hits="141" number="232"/>
                  <line hits="141" number="233"/>
                  <line hits="141" number="235"/>
                  <line hits="1" number="236"/>
                  <line hits="141" number="239"/>
                  <line hits="1" number="240"/>
                  <line hits="141" number="243"/>
                  <line hits="3" number="244"/>
                  <line hits="3" number="245"/>
                  <line hits="3" number="246"/>
                  <line hits="3" number="247"/>
                  <line hits="3" number="248"/>
                  <line hits="3" number="249"/>
                  <line hits="3" number="250"/>
                  <line hits="3" number="251"/>
                  <line hits="3" number="252"/>
                  <line hits="141" number="255"/>
                  <line hits="1" number="256"/>
                  <line hits="141" number="258"/>
                  <line hits="33" number="259"/>
                  <line hits="141" number="263"/>
                  <line hits="141" number="265"/>
                  <line hits="26" number="266"/>
                  <line hits="1264" number="271"/>
               </lines>
            </class>
            <class branch-rate="NaN" complexity="NaN" filename="trprint.m" line-rate="0.98305"
                   name="trprint">
               <methods/>
               <lines>
                  <line hits="41" number="62"/>
                  <line hits="2" number="64"/>
                  <line hits="2" number="65"/>
                  <line hits="39" number="68"/>
                  <line hits="39" number="69"/>
                  <line hits="39" number="70"/>
                  <line hits="39" number="71"/>
                  <line hits="39" number="73"/>
                  <line hits="39" number="75"/>
                  <line hits="39" number="77"/>
                  <line hits="24" number="78"/>
                  <line hits="22" number="79"/>
                  <line hits="24" number="81"/>
                  <line hits="15" number="82"/>
                  <line hits="15" number="83"/>
                  <line hits="13" number="84"/>
                  <line hits="15" number="87"/>
                  <line hits="45" number="89"/>
                  <line hits="39" number="94"/>
                  <line hits="37" number="95"/>
                  <line hits="2" number="96"/>
                  <line hits="2" number="97"/>
                  <line hits="69" number="103"/>
                  <line hits="4" number="104"/>
                  <line hits="65" number="105"/>
                  <line hits="65" number="106"/>
                  <line hits="69" number="108"/>
                  <line hits="62" number="109"/>
                  <line hits="69" number="113"/>
                  <line hits="69" number="114"/>
                  <line hits="53" number="116"/>
                  <line hits="45" number="117"/>
                  <line hits="45" number="118"/>
                  <line hits="8" number="119"/>
                  <line hits="8" number="120"/>
                  <line hits="8" number="121"/>
                  <line hits="53" number="123"/>
                  <line hits="20" number="124"/>
                  <line hits="20" number="125"/>
                  <line hits="33" number="126"/>
                  <line hits="33" number="127"/>
                  <line hits="33" number="128"/>
                  <line hits="16" number="130"/>
                  <line hits="16" number="132"/>
                  <line hits="16" number="133"/>
                  <line hits="0" number="134"/>
                  <line hits="16" number="135"/>
                  <line hits="12" number="136"/>
                  <line hits="12" number="137"/>
                  <line hits="4" number="138"/>
                  <line hits="4" number="139"/>
                  <line hits="4" number="140"/>
                  <line hits="131" number="146"/>
                  <line hits="131" number="147"/>
                  <line hits="393" number="148"/>
                  <line hits="26" number="149"/>
                  <line hits="393" number="151"/>
                  <line hits="393" number="152"/>
                  <line hits="262" number="153"/>
               </lines>
            </class>
            <class branch-rate="NaN" complexity="NaN" filename="trprint2.m" line-rate="0.87805"
                   name="trprint2">
               <methods/>
               <lines>
                  <line hits="9" number="50"/>
                  <line hits="0" number="52"/>
                  <line hits="0" number="53"/>
                  <line hits="9" number="56"/>
                  <line hits="9" number="57"/>
                  <line hits="9" number="58"/>
                  <line hits="9" number="60"/>
                  <line hits="9" number="62"/>
                  <line hits="9" number="64"/>
                  <line hits="5" number="65"/>
                  <line hits="4" number="66"/>
                  <line hits="5" number="68"/>
                  <line hits="4" number="69"/>
                  <line hits="4" number="70"/>
                  <line hits="3" number="71"/>
                  <line hits="4" number="74"/>
                  <line hits="12" number="76"/>
                  <line hits="9" number="81"/>
                  <line hits="9" number="82"/>
                  <line hits="0" number="83"/>
                  <line hits="0" number="84"/>
                  <line hits="17" number="90"/>
                  <line hits="4" number="91"/>
                  <line hits="13" number="92"/>
                  <line hits="13" number="93"/>
                  <line hits="17" number="95"/>
                  <line hits="17" number="96"/>
                  <line hits="17" number="100"/>
                  <line hits="17" number="101"/>
                  <line hits="4" number="102"/>
                  <line hits="4" number="103"/>
                  <line hits="13" number="104"/>
                  <line hits="13" number="105"/>
                  <line hits="13" number="106"/>
                  <line hits="34" number="111"/>
                  <line hits="34" number="112"/>
                  <line hits="51" number="113"/>
                  <line hits="0" number="114"/>
                  <line hits="51" number="116"/>
                  <line hits="51" number="117"/>
                  <line hits="17" number="118"/>
               </lines>
            </class>
            <class branch-rate="NaN" complexity="NaN" filename="trscale.m" line-rate="1"
                   name="trscale">
               <methods/>
               <lines>
                  <line hits="3" number="38"/>
                  <line hits="1" number="39"/>
                  <line hits="2" number="40"/>
                  <line hits="2" number="41"/>
                  <line hits="1" number="42"/>
                  <line hits="1" number="43"/>
                  <line hits="1" number="44"/>
                  <line hits="3" number="47"/>
               </lines>
            </class>
            <class branch-rate="NaN" complexity="NaN" filename="unit.m" line-rate="1" name="unit">
               <methods/>
               <lines>
                  <line hits="1846" number="32"/>
                  <line hits="1846" number="33"/>
                  <line hits="1845" number="35"/>
               </lines>
            </class>
            <class branch-rate="NaN" complexity="NaN" filename="vex.m" line-rate="1" name="vex">
               <methods/>
               <lines>
                  <line hits="124" number="59"/>
                  <line hits="102" number="60"/>
                  <line hits="22" number="61"/>
                  <line hits="20" number="62"/>
                  <line hits="2" number="63"/>
                  <line hits="2" number="64"/>
               </lines>
            </class>
            <class branch-rate="NaN" complexity="NaN" filename="vexa.m" line-rate="1" name="vexa">
               <methods/>
               <lines>
                  <line hits="9" number="58"/>
                  <line hits="3" number="59"/>
                  <line hits="6" number="60"/>
                  <line hits="5" number="61"/>
                  <line hits="1" number="62"/>
                  <line hits="1" number="63"/>
               </lines>
            </class>
            <class branch-rate="NaN" complexity="NaN" filename="xyzlabel.m" line-rate="1"
                   name="xyzlabel">
               <methods/>
               <lines>
                  <line hits="6" number="36"/>
                  <line hits="6" number="37"/>
                  <line hits="6" number="39"/>
                  <line hits="6" number="40"/>
                  <line hits="6" number="41"/>
               </lines>
            </class>
            <class branch-rate="NaN" complexity="NaN" filename="zz.m" line-rate="0" name="zz">
               <methods/>
               <lines>
                  <line hits="0" number="52"/>
                  <line hits="0" number="53"/>
                  <line hits="0" number="58"/>
                  <line hits="0" number="60"/>
                  <line hits="0" number="61"/>
                  <line hits="0" number="64"/>
                  <line hits="0" number="65"/>
                  <line hits="0" number="67"/>
                  <line hits="0" number="70"/>
                  <line hits="0" number="72"/>
                  <line hits="0" number="73"/>
                  <line hits="0" number="74"/>
                  <line hits="0" number="75"/>
                  <line hits="0" number="77"/>
                  <line hits="0" number="78"/>
                  <line hits="0" number="80"/>
                  <line hits="0" number="81"/>
                  <line hits="0" number="82"/>
                  <line hits="0" number="83"/>
                  <line hits="0" number="88"/>
                  <line hits="0" number="89"/>
                  <line hits="0" number="90"/>
                  <line hits="0" number="91"/>
                  <line hits="0" number="92"/>
                  <line hits="0" number="93"/>
                  <line hits="0" number="94"/>
                  <line hits="0" number="95"/>
                  <line hits="0" number="96"/>
                  <line hits="0" number="100"/>
                  <line hits="0" number="101"/>
               </lines>
            </class>
         </classes>
      </package>
   </packages>
</coverage>